2025-07-01T20:54:56.132+0200 [DEBUG] [org.gradle.internal.resources.AbstractTrackedResourceLock] Execution worker Thread 10: acquired lock on worker lease
2025-07-01T20:54:56.132+0200 [DEBUG] [org.gradle.internal.resources.AbstractTrackedResourceLock] Execution worker Thread 10: released lock on worker lease
2025-07-01T20:54:56.132+0200 [DEBUG] [org.gradle.internal.operations.DefaultBuildOperationRunner] Build operation 'Finish root build tree' started
2025-07-01T20:54:56.135+0200 [DEBUG] [org.gradle.internal.operations.DefaultBuildOperationRunner] Completing Build operation 'Finish root build tree'
2025-07-01T20:54:56.135+0200 [DEBUG] [org.gradle.internal.operations.DefaultBuildOperationRunner] Build operation 'Finish root build tree' completed
2025-07-01T20:54:56.135+0200 [ERROR] [org.gradle.internal.buildevents.BuildExceptionReporter] 
2025-07-01T20:54:56.135+0200 [ERROR] [org.gradle.internal.buildevents.BuildExceptionReporter] FAILURE: Build failed with an exception.
2025-07-01T20:54:56.136+0200 [ERROR] [org.gradle.internal.buildevents.BuildExceptionReporter] 
2025-07-01T20:54:56.136+0200 [ERROR] [org.gradle.internal.buildevents.BuildExceptionReporter] * What went wrong:
2025-07-01T20:54:56.136+0200 [ERROR] [org.gradle.internal.buildevents.BuildExceptionReporter] Execution failed for task ':app:configureCMakeDebug[arm64-v8a]'.
2025-07-01T20:54:56.136+0200 [ERROR] [org.gradle.internal.buildevents.BuildExceptionReporter] > java.lang.NullPointerException (no error message)
2025-07-01T20:54:56.136+0200 [ERROR] [org.gradle.internal.buildevents.BuildExceptionReporter] 
2025-07-01T20:54:56.136+0200 [ERROR] [org.gradle.internal.buildevents.BuildExceptionReporter] * Try:
2025-07-01T20:54:56.136+0200 [ERROR] [org.gradle.internal.buildevents.BuildExceptionReporter] > Get more help at https://help.gradle.org.
2025-07-01T20:54:56.136+0200 [ERROR] [org.gradle.internal.buildevents.BuildExceptionReporter] 
2025-07-01T20:54:56.136+0200 [ERROR] [org.gradle.internal.buildevents.BuildExceptionReporter] * Exception is:
2025-07-01T20:54:56.136+0200 [ERROR] [org.gradle.internal.buildevents.BuildExceptionReporter] org.gradle.api.tasks.TaskExecutionException: Execution failed for task ':app:configureCMakeDebug[arm64-v8a]'.
2025-07-01T20:54:56.136+0200 [ERROR] [org.gradle.internal.buildevents.BuildExceptionReporter]   at org.gradle.api.internal.tasks.execution.ExecuteActionsTaskExecuter.lambda$executeIfValid$1(ExecuteActionsTaskExecuter.java:130)
2025-07-01T20:54:56.136+0200 [ERROR] [org.gradle.internal.buildevents.BuildExceptionReporter]   at org.gradle.internal.Try$Failure.ifSuccessfulOrElse(Try.java:293)
2025-07-01T20:54:56.136+0200 [ERROR] [org.gradle.internal.buildevents.BuildExceptionReporter]   at org.gradle.api.internal.tasks.execution.ExecuteActionsTaskExecuter.executeIfValid(ExecuteActionsTaskExecuter.java:128)
2025-07-01T20:54:56.136+0200 [ERROR] [org.gradle.internal.buildevents.BuildExceptionReporter]   at org.gradle.api.internal.tasks.execution.ExecuteActionsTaskExecuter.execute(ExecuteActionsTaskExecuter.java:116)
2025-07-01T20:54:56.136+0200 [ERROR] [org.gradle.internal.buildevents.BuildExceptionReporter]   at org.gradle.api.internal.tasks.execution.ProblemsTaskPathTrackingTaskExecuter.execute(ProblemsTaskPathTrackingTaskExecuter.java:41)
2025-07-01T20:54:56.136+0200 [ERROR] [org.gradle.internal.buildevents.BuildExceptionReporter]   at org.gradle.api.internal.tasks.execution.FinalizePropertiesTaskExecuter.execute(FinalizePropertiesTaskExecuter.java:46)
2025-07-01T20:54:56.136+0200 [ERROR] [org.gradle.internal.buildevents.BuildExceptionReporter]   at org.gradle.api.internal.tasks.execution.ResolveTaskExecutionModeExecuter.execute(ResolveTaskExecutionModeExecuter.java:51)
2025-07-01T20:54:56.136+0200 [ERROR] [org.gradle.internal.buildevents.BuildExceptionReporter]   at org.gradle.api.internal.tasks.execution.SkipTaskWithNoActionsExecuter.execute(SkipTaskWithNoActionsExecuter.java:57)
2025-07-01T20:54:56.136+0200 [ERROR] [org.gradle.internal.buildevents.BuildExceptionReporter]   at org.gradle.api.internal.tasks.execution.SkipOnlyIfTaskExecuter.execute(SkipOnlyIfTaskExecuter.java:74)
2025-07-01T20:54:56.136+0200 [ERROR] [org.gradle.internal.buildevents.BuildExceptionReporter]   at org.gradle.api.internal.tasks.execution.CatchExceptionTaskExecuter.execute(CatchExceptionTaskExecuter.java:36)
2025-07-01T20:54:56.136+0200 [ERROR] [org.gradle.internal.buildevents.BuildExceptionReporter]   at org.gradle.api.internal.tasks.execution.EventFiringTaskExecuter$1.executeTask(EventFiringTaskExecuter.java:77)
2025-07-01T20:54:56.136+0200 [ERROR] [org.gradle.internal.buildevents.BuildExceptionReporter]   at org.gradle.api.internal.tasks.execution.EventFiringTaskExecuter$1.call(EventFiringTaskExecuter.java:55)
2025-07-01T20:54:56.136+0200 [ERROR] [org.gradle.internal.buildevents.BuildExceptionReporter]   at org.gradle.api.internal.tasks.execution.EventFiringTaskExecuter$1.call(EventFiringTaskExecuter.java:52)
2025-07-01T20:54:56.136+0200 [ERROR] [org.gradle.internal.buildevents.BuildExceptionReporter]   at org.gradle.internal.operations.DefaultBuildOperationRunner$CallableBuildOperationWorker.execute(DefaultBuildOperationRunner.java:210)
2025-07-01T20:54:56.136+0200 [ERROR] [org.gradle.internal.buildevents.BuildExceptionReporter]   at org.gradle.internal.operations.DefaultBuildOperationRunner$CallableBuildOperationWorker.execute(DefaultBuildOperationRunner.java:205)
2025-07-01T20:54:56.136+0200 [ERROR] [org.gradle.internal.buildevents.BuildExceptionReporter]   at org.gradle.internal.operations.DefaultBuildOperationRunner$2.execute(DefaultBuildOperationRunner.java:67)
2025-07-01T20:54:56.136+0200 [ERROR] [org.gradle.internal.buildevents.BuildExceptionReporter]   at org.gradle.internal.operations.DefaultBuildOperationRunner$2.execute(DefaultBuildOperationRunner.java:60)
2025-07-01T20:54:56.136+0200 [ERROR] [org.gradle.internal.buildevents.BuildExceptionReporter]   at org.gradle.internal.operations.DefaultBuildOperationRunner.execute(DefaultBuildOperationRunner.java:167)
2025-07-01T20:54:56.136+0200 [ERROR] [org.gradle.internal.buildevents.BuildExceptionReporter]   at org.gradle.internal.operations.DefaultBuildOperationRunner.execute(DefaultBuildOperationRunner.java:60)
2025-07-01T20:54:56.136+0200 [ERROR] [org.gradle.internal.buildevents.BuildExceptionReporter]   at org.gradle.internal.operations.DefaultBuildOperationRunner.call(DefaultBuildOperationRunner.java:54)
2025-07-01T20:54:56.136+0200 [ERROR] [org.gradle.internal.buildevents.BuildExceptionReporter]   at org.gradle.api.internal.tasks.execution.EventFiringTaskExecuter.execute(EventFiringTaskExecuter.java:52)
2025-07-01T20:54:56.136+0200 [ERROR] [org.gradle.internal.buildevents.BuildExceptionReporter]   at org.gradle.execution.plan.LocalTaskNodeExecutor.execute(LocalTaskNodeExecutor.java:42)
2025-07-01T20:54:56.136+0200 [ERROR] [org.gradle.internal.buildevents.BuildExceptionReporter]   at org.gradle.execution.taskgraph.DefaultTaskExecutionGraph$InvokeNodeExecutorsAction.execute(DefaultTaskExecutionGraph.java:331)
2025-07-01T20:54:56.136+0200 [ERROR] [org.gradle.internal.buildevents.BuildExceptionReporter]   at org.gradle.execution.taskgraph.DefaultTaskExecutionGraph$InvokeNodeExecutorsAction.execute(DefaultTaskExecutionGraph.java:318)
2025-07-01T20:54:56.136+0200 [ERROR] [org.gradle.internal.buildevents.BuildExceptionReporter]   at org.gradle.execution.taskgraph.DefaultTaskExecutionGraph$BuildOperationAwareExecutionAction.lambda$execute$0(DefaultTaskExecutionGraph.java:314)
2025-07-01T20:54:56.136+0200 [ERROR] [org.gradle.internal.buildevents.BuildExceptionReporter]   at org.gradle.internal.operations.CurrentBuildOperationRef.with(CurrentBuildOperationRef.java:85)
2025-07-01T20:54:56.136+0200 [ERROR] [org.gradle.internal.buildevents.BuildExceptionReporter]   at org.gradle.execution.taskgraph.DefaultTaskExecutionGraph$BuildOperationAwareExecutionAction.execute(DefaultTaskExecutionGraph.java:314)
2025-07-01T20:54:56.136+0200 [ERROR] [org.gradle.internal.buildevents.BuildExceptionReporter]   at org.gradle.execution.taskgraph.DefaultTaskExecutionGraph$BuildOperationAwareExecutionAction.execute(DefaultTaskExecutionGraph.java:303)
2025-07-01T20:54:56.136+0200 [ERROR] [org.gradle.internal.buildevents.BuildExceptionReporter]   at org.gradle.execution.plan.DefaultPlanExecutor$ExecutorWorker.execute(DefaultPlanExecutor.java:459)
2025-07-01T20:54:56.136+0200 [ERROR] [org.gradle.internal.buildevents.BuildExceptionReporter]   at org.gradle.execution.plan.DefaultPlanExecutor$ExecutorWorker.run(DefaultPlanExecutor.java:376)
2025-07-01T20:54:56.136+0200 [ERROR] [org.gradle.internal.buildevents.BuildExceptionReporter]   at org.gradle.internal.concurrent.ExecutorPolicy$CatchAndRecordFailures.onExecute(ExecutorPolicy.java:64)
2025-07-01T20:54:56.136+0200 [ERROR] [org.gradle.internal.buildevents.BuildExceptionReporter]   at org.gradle.internal.concurrent.AbstractManagedExecutor$1.run(AbstractManagedExecutor.java:48)
2025-07-01T20:54:56.136+0200 [ERROR] [org.gradle.internal.buildevents.BuildExceptionReporter] Caused by: java.lang.NullPointerException
2025-07-01T20:54:56.136+0200 [ERROR] [org.gradle.internal.buildevents.BuildExceptionReporter]   at com.android.build.gradle.internal.cxx.cmake.CmakeFileApiV1Kt.readCmakeFileApiReply(CmakeFileApiV1.kt:110)
2025-07-01T20:54:56.136+0200 [ERROR] [org.gradle.internal.buildevents.BuildExceptionReporter]   at com.android.build.gradle.internal.cxx.cmake.CmakeFileApiV1Kt.parseCmakeFileApiReply(CmakeFileApiV1.kt:513)
2025-07-01T20:54:56.136+0200 [ERROR] [org.gradle.internal.buildevents.BuildExceptionReporter]   at com.android.build.gradle.tasks.CmakeQueryMetadataGenerator.executeProcess(CmakeFileApiMetadataGenerator.kt:66)
2025-07-01T20:54:56.136+0200 [ERROR] [org.gradle.internal.buildevents.BuildExceptionReporter]   at com.android.build.gradle.tasks.ExternalNativeJsonGenerator$configureOneAbi$1$1$3.invoke(ExternalNativeJsonGenerator.kt:247)
2025-07-01T20:54:56.136+0200 [ERROR] [org.gradle.internal.buildevents.BuildExceptionReporter]   at com.android.build.gradle.tasks.ExternalNativeJsonGenerator$configureOneAbi$1$1$3.invoke(ExternalNativeJsonGenerator.kt:247)
2025-07-01T20:54:56.136+0200 [ERROR] [org.gradle.internal.buildevents.BuildExceptionReporter]   at com.android.build.gradle.internal.cxx.timing.TimingEnvironmentKt.time(TimingEnvironment.kt:32)
2025-07-01T20:54:56.136+0200 [ERROR] [org.gradle.internal.buildevents.BuildExceptionReporter]   at com.android.build.gradle.tasks.ExternalNativeJsonGenerator.configureOneAbi(ExternalNativeJsonGenerator.kt:247)
2025-07-01T20:54:56.136+0200 [ERROR] [org.gradle.internal.buildevents.BuildExceptionReporter]   at com.android.build.gradle.tasks.ExternalNativeJsonGenerator.configure(ExternalNativeJsonGenerator.kt:113)
2025-07-01T20:54:56.136+0200 [ERROR] [org.gradle.internal.buildevents.BuildExceptionReporter]   at com.android.build.gradle.tasks.ExternalNativeBuildJsonTask.doTaskAction(ExternalNativeBuildJsonTask.kt:89)
2025-07-01T20:54:56.136+0200 [ERROR] [org.gradle.internal.buildevents.BuildExceptionReporter]   at com.android.build.gradle.internal.tasks.UnsafeOutputsTask$taskAction$$inlined$recordTaskAction$1.invoke(BaseTask.kt:59)
2025-07-01T20:54:56.136+0200 [ERROR] [org.gradle.internal.buildevents.BuildExceptionReporter]   at com.android.build.gradle.internal.tasks.Blocks.recordSpan(Blocks.java:51)
2025-07-01T20:54:56.136+0200 [ERROR] [org.gradle.internal.buildevents.BuildExceptionReporter]   at com.android.build.gradle.internal.tasks.UnsafeOutputsTask.taskAction(UnsafeOutputsTask.kt:81)
2025-07-01T20:54:56.136+0200 [ERROR] [org.gradle.internal.buildevents.BuildExceptionReporter]   at java.base/jdk.internal.reflect.NativeMethodAccessorImpl.invoke0(Native Method)
2025-07-01T20:54:56.136+0200 [ERROR] [org.gradle.internal.buildevents.BuildExceptionReporter]   at java.base/jdk.internal.reflect.NativeMethodAccessorImpl.invoke(NativeMethodAccessorImpl.java:77)
2025-07-01T20:54:56.136+0200 [ERROR] [org.gradle.internal.buildevents.BuildExceptionReporter]   at java.base/jdk.internal.reflect.DelegatingMethodAccessorImpl.invoke(DelegatingMethodAccessorImpl.java:43)
2025-07-01T20:54:56.136+0200 [ERROR] [org.gradle.internal.buildevents.BuildExceptionReporter]   at org.gradle.internal.reflect.JavaMethod.invoke(JavaMethod.java:125)
2025-07-01T20:54:56.136+0200 [ERROR] [org.gradle.internal.buildevents.BuildExceptionReporter]   at org.gradle.api.internal.project.taskfactory.StandardTaskAction.doExecute(StandardTaskAction.java:58)
2025-07-01T20:54:56.136+0200 [ERROR] [org.gradle.internal.buildevents.BuildExceptionReporter]   at org.gradle.api.internal.project.taskfactory.StandardTaskAction.execute(StandardTaskAction.java:51)
2025-07-01T20:54:56.136+0200 [ERROR] [org.gradle.internal.buildevents.BuildExceptionReporter]   at org.gradle.api.internal.project.taskfactory.StandardTaskAction.execute(StandardTaskAction.java:29)
2025-07-01T20:54:56.136+0200 [ERROR] [org.gradle.internal.buildevents.BuildExceptionReporter]   at org.gradle.api.internal.tasks.execution.TaskExecution$3.run(TaskExecution.java:244)
2025-07-01T20:54:56.136+0200 [ERROR] [org.gradle.internal.buildevents.BuildExceptionReporter]   at org.gradle.internal.operations.DefaultBuildOperationRunner$1.execute(DefaultBuildOperationRunner.java:30)
2025-07-01T20:54:56.136+0200 [ERROR] [org.gradle.internal.buildevents.BuildExceptionReporter]   at org.gradle.internal.operations.DefaultBuildOperationRunner$1.execute(DefaultBuildOperationRunner.java:27)
2025-07-01T20:54:56.136+0200 [ERROR] [org.gradle.internal.buildevents.BuildExceptionReporter]   at org.gradle.internal.operations.DefaultBuildOperationRunner$2.execute(DefaultBuildOperationRunner.java:67)
2025-07-01T20:54:56.136+0200 [ERROR] [org.gradle.internal.buildevents.BuildExceptionReporter]   at org.gradle.internal.operations.DefaultBuildOperationRunner$2.execute(DefaultBuildOperationRunner.java:60)
2025-07-01T20:54:56.136+0200 [ERROR] [org.gradle.internal.buildevents.BuildExceptionReporter]   at org.gradle.internal.operations.DefaultBuildOperationRunner.execute(DefaultBuildOperationRunner.java:167)
2025-07-01T20:54:56.136+0200 [ERROR] [org.gradle.internal.buildevents.BuildExceptionReporter]   at org.gradle.internal.operations.DefaultBuildOperationRunner.execute(DefaultBuildOperationRunner.java:60)
2025-07-01T20:54:56.136+0200 [ERROR] [org.gradle.internal.buildevents.BuildExceptionReporter]   at org.gradle.internal.operations.DefaultBuildOperationRunner.run(DefaultBuildOperationRunner.java:48)
2025-07-01T20:54:56.136+0200 [ERROR] [org.gradle.internal.buildevents.BuildExceptionReporter]   at org.gradle.api.internal.tasks.execution.TaskExecution.executeAction(TaskExecution.java:229)
2025-07-01T20:54:56.136+0200 [ERROR] [org.gradle.internal.buildevents.BuildExceptionReporter]   at org.gradle.api.internal.tasks.execution.TaskExecution.executeActions(TaskExecution.java:212)
2025-07-01T20:54:56.136+0200 [ERROR] [org.gradle.internal.buildevents.BuildExceptionReporter]   at org.gradle.api.internal.tasks.execution.TaskExecution.executeWithPreviousOutputFiles(TaskExecution.java:195)
2025-07-01T20:54:56.136+0200 [ERROR] [org.gradle.internal.buildevents.BuildExceptionReporter]   at org.gradle.api.internal.tasks.execution.TaskExecution.execute(TaskExecution.java:162)
2025-07-01T20:54:56.136+0200 [ERROR] [org.gradle.internal.buildevents.BuildExceptionReporter]   at org.gradle.internal.execution.steps.ExecuteStep.executeInternal(ExecuteStep.java:105)
2025-07-01T20:54:56.136+0200 [ERROR] [org.gradle.internal.buildevents.BuildExceptionReporter]   at org.gradle.internal.execution.steps.ExecuteStep.access$000(ExecuteStep.java:44)
2025-07-01T20:54:56.136+0200 [ERROR] [org.gradle.internal.buildevents.BuildExceptionReporter]   at org.gradle.internal.execution.steps.ExecuteStep$1.call(ExecuteStep.java:59)
2025-07-01T20:54:56.136+0200 [ERROR] [org.gradle.internal.buildevents.BuildExceptionReporter]   at org.gradle.internal.execution.steps.ExecuteStep$1.call(ExecuteStep.java:56)
2025-07-01T20:54:56.136+0200 [ERROR] [org.gradle.internal.buildevents.BuildExceptionReporter]   at org.gradle.internal.operations.DefaultBuildOperationRunner$CallableBuildOperationWorker.execute(DefaultBuildOperationRunner.java:210)
2025-07-01T20:54:56.136+0200 [ERROR] [org.gradle.internal.buildevents.BuildExceptionReporter]   at org.gradle.internal.operations.DefaultBuildOperationRunner$CallableBuildOperationWorker.execute(DefaultBuildOperationRunner.java:205)
2025-07-01T20:54:56.136+0200 [ERROR] [org.gradle.internal.buildevents.BuildExceptionReporter]   at org.gradle.internal.operations.DefaultBuildOperationRunner$2.execute(DefaultBuildOperationRunner.java:67)
2025-07-01T20:54:56.136+0200 [ERROR] [org.gradle.internal.buildevents.BuildExceptionReporter]   at org.gradle.internal.operations.DefaultBuildOperationRunner$2.execute(DefaultBuildOperationRunner.java:60)
2025-07-01T20:54:56.136+0200 [ERROR] [org.gradle.internal.buildevents.BuildExceptionReporter]   at org.gradle.internal.operations.DefaultBuildOperationRunner.execute(DefaultBuildOperationRunner.java:167)
2025-07-01T20:54:56.136+0200 [ERROR] [org.gradle.internal.buildevents.BuildExceptionReporter]   at org.gradle.internal.operations.DefaultBuildOperationRunner.execute(DefaultBuildOperationRunner.java:60)
2025-07-01T20:54:56.136+0200 [ERROR] [org.gradle.internal.buildevents.BuildExceptionReporter]   at org.gradle.internal.operations.DefaultBuildOperationRunner.call(DefaultBuildOperationRunner.java:54)
2025-07-01T20:54:56.137+0200 [ERROR] [org.gradle.internal.buildevents.BuildExceptionReporter]   at org.gradle.internal.execution.steps.ExecuteStep.execute(ExecuteStep.java:56)
2025-07-01T20:54:56.137+0200 [ERROR] [org.gradle.internal.buildevents.BuildExceptionReporter]   at org.gradle.internal.execution.steps.ExecuteStep.execute(ExecuteStep.java:44)
2025-07-01T20:54:56.137+0200 [ERROR] [org.gradle.internal.buildevents.BuildExceptionReporter]   at org.gradle.internal.execution.steps.CancelExecutionStep.execute(CancelExecutionStep.java:42)
2025-07-01T20:54:56.137+0200 [ERROR] [org.gradle.internal.buildevents.BuildExceptionReporter]   at org.gradle.internal.execution.steps.TimeoutStep.executeWithoutTimeout(TimeoutStep.java:75)
2025-07-01T20:54:56.137+0200 [ERROR] [org.gradle.internal.buildevents.BuildExceptionReporter]   at org.gradle.internal.execution.steps.TimeoutStep.execute(TimeoutStep.java:55)
2025-07-01T20:54:56.137+0200 [ERROR] [org.gradle.internal.buildevents.BuildExceptionReporter]   at org.gradle.internal.execution.steps.PreCreateOutputParentsStep.execute(PreCreateOutputParentsStep.java:50)
2025-07-01T20:54:56.137+0200 [ERROR] [org.gradle.internal.buildevents.BuildExceptionReporter]   at org.gradle.internal.execution.steps.PreCreateOutputParentsStep.execute(PreCreateOutputParentsStep.java:28)
2025-07-01T20:54:56.137+0200 [ERROR] [org.gradle.internal.buildevents.BuildExceptionReporter]   at org.gradle.internal.execution.steps.RemovePreviousOutputsStep.execute(RemovePreviousOutputsStep.java:67)
2025-07-01T20:54:56.137+0200 [ERROR] [org.gradle.internal.buildevents.BuildExceptionReporter]   at org.gradle.internal.execution.steps.RemovePreviousOutputsStep.execute(RemovePreviousOutputsStep.java:37)
2025-07-01T20:54:56.137+0200 [ERROR] [org.gradle.internal.buildevents.BuildExceptionReporter]   at org.gradle.internal.execution.steps.BroadcastChangingOutputsStep.execute(BroadcastChangingOutputsStep.java:61)
2025-07-01T20:54:56.137+0200 [ERROR] [org.gradle.internal.buildevents.BuildExceptionReporter]   at org.gradle.internal.execution.steps.BroadcastChangingOutputsStep.execute(BroadcastChangingOutputsStep.java:26)
2025-07-01T20:54:56.137+0200 [ERROR] [org.gradle.internal.buildevents.BuildExceptionReporter]   at org.gradle.internal.execution.steps.CaptureOutputsAfterExecutionStep.execute(CaptureOutputsAfterExecutionStep.java:69)
2025-07-01T20:54:56.137+0200 [ERROR] [org.gradle.internal.buildevents.BuildExceptionReporter]   at org.gradle.internal.execution.steps.CaptureOutputsAfterExecutionStep.execute(CaptureOutputsAfterExecutionStep.java:46)
2025-07-01T20:54:56.137+0200 [ERROR] [org.gradle.internal.buildevents.BuildExceptionReporter]   at org.gradle.internal.execution.steps.ResolveInputChangesStep.execute(ResolveInputChangesStep.java:40)
2025-07-01T20:54:56.137+0200 [ERROR] [org.gradle.internal.buildevents.BuildExceptionReporter]   at org.gradle.internal.execution.steps.ResolveInputChangesStep.execute(ResolveInputChangesStep.java:29)
2025-07-01T20:54:56.137+0200 [ERROR] [org.gradle.internal.buildevents.BuildExceptionReporter]   at org.gradle.internal.execution.steps.BuildCacheStep.executeWithoutCache(BuildCacheStep.java:189)
2025-07-01T20:54:56.137+0200 [ERROR] [org.gradle.internal.buildevents.BuildExceptionReporter]   at org.gradle.internal.execution.steps.BuildCacheStep.lambda$execute$1(BuildCacheStep.java:75)
2025-07-01T20:54:56.137+0200 [ERROR] [org.gradle.internal.buildevents.BuildExceptionReporter]   at org.gradle.internal.Either$Right.fold(Either.java:175)
2025-07-01T20:54:56.137+0200 [ERROR] [org.gradle.internal.buildevents.BuildExceptionReporter]   at org.gradle.internal.execution.caching.CachingState.fold(CachingState.java:62)
2025-07-01T20:54:56.137+0200 [ERROR] [org.gradle.internal.buildevents.BuildExceptionReporter]   at org.gradle.internal.execution.steps.BuildCacheStep.execute(BuildCacheStep.java:73)
2025-07-01T20:54:56.137+0200 [ERROR] [org.gradle.internal.buildevents.BuildExceptionReporter]   at org.gradle.internal.execution.steps.BuildCacheStep.execute(BuildCacheStep.java:48)
2025-07-01T20:54:56.137+0200 [ERROR] [org.gradle.internal.buildevents.BuildExceptionReporter]   at org.gradle.internal.execution.steps.StoreExecutionStateStep.execute(StoreExecutionStateStep.java:46)
2025-07-01T20:54:56.137+0200 [ERROR] [org.gradle.internal.buildevents.BuildExceptionReporter]   at org.gradle.internal.execution.steps.StoreExecutionStateStep.execute(StoreExecutionStateStep.java:35)
2025-07-01T20:54:56.137+0200 [ERROR] [org.gradle.internal.buildevents.BuildExceptionReporter]   at org.gradle.internal.execution.steps.SkipUpToDateStep.executeBecause(SkipUpToDateStep.java:75)
2025-07-01T20:54:56.137+0200 [ERROR] [org.gradle.internal.buildevents.BuildExceptionReporter]   at org.gradle.internal.execution.steps.SkipUpToDateStep.lambda$execute$2(SkipUpToDateStep.java:53)
2025-07-01T20:54:56.137+0200 [ERROR] [org.gradle.internal.buildevents.BuildExceptionReporter]   at org.gradle.internal.execution.steps.SkipUpToDateStep.execute(SkipUpToDateStep.java:53)
2025-07-01T20:54:56.137+0200 [ERROR] [org.gradle.internal.buildevents.BuildExceptionReporter]   at org.gradle.internal.execution.steps.SkipUpToDateStep.execute(SkipUpToDateStep.java:35)
2025-07-01T20:54:56.137+0200 [ERROR] [org.gradle.internal.buildevents.BuildExceptionReporter]   at org.gradle.internal.execution.steps.legacy.MarkSnapshottingInputsFinishedStep.execute(MarkSnapshottingInputsFinishedStep.java:37)
2025-07-01T20:54:56.137+0200 [ERROR] [org.gradle.internal.buildevents.BuildExceptionReporter]   at org.gradle.internal.execution.steps.legacy.MarkSnapshottingInputsFinishedStep.execute(MarkSnapshottingInputsFinishedStep.java:27)
2025-07-01T20:54:56.137+0200 [ERROR] [org.gradle.internal.buildevents.BuildExceptionReporter]   at org.gradle.internal.execution.steps.ResolveIncrementalCachingStateStep.executeDelegate(ResolveIncrementalCachingStateStep.java:49)
2025-07-01T20:54:56.137+0200 [ERROR] [org.gradle.internal.buildevents.BuildExceptionReporter]   at org.gradle.internal.execution.steps.ResolveIncrementalCachingStateStep.executeDelegate(ResolveIncrementalCachingStateStep.java:27)
2025-07-01T20:54:56.137+0200 [ERROR] [org.gradle.internal.buildevents.BuildExceptionReporter]   at org.gradle.internal.execution.steps.AbstractResolveCachingStateStep.execute(AbstractResolveCachingStateStep.java:71)
2025-07-01T20:54:56.137+0200 [ERROR] [org.gradle.internal.buildevents.BuildExceptionReporter]   at org.gradle.internal.execution.steps.AbstractResolveCachingStateStep.execute(AbstractResolveCachingStateStep.java:39)
2025-07-01T20:54:56.137+0200 [ERROR] [org.gradle.internal.buildevents.BuildExceptionReporter]   at org.gradle.internal.execution.steps.ResolveChangesStep.execute(ResolveChangesStep.java:65)
2025-07-01T20:54:56.137+0200 [ERROR] [org.gradle.internal.buildevents.BuildExceptionReporter]   at org.gradle.internal.execution.steps.ResolveChangesStep.execute(ResolveChangesStep.java:36)
2025-07-01T20:54:56.137+0200 [ERROR] [org.gradle.internal.buildevents.BuildExceptionReporter]   at org.gradle.internal.execution.steps.ValidateStep.execute(ValidateStep.java:107)
2025-07-01T20:54:56.137+0200 [ERROR] [org.gradle.internal.buildevents.BuildExceptionReporter]   at org.gradle.internal.execution.steps.ValidateStep.execute(ValidateStep.java:56)
2025-07-01T20:54:56.137+0200 [ERROR] [org.gradle.internal.buildevents.BuildExceptionReporter]   at org.gradle.internal.execution.steps.AbstractCaptureStateBeforeExecutionStep.execute(AbstractCaptureStateBeforeExecutionStep.java:64)
2025-07-01T20:54:56.137+0200 [ERROR] [org.gradle.internal.buildevents.BuildExceptionReporter]   at org.gradle.internal.execution.steps.AbstractCaptureStateBeforeExecutionStep.execute(AbstractCaptureStateBeforeExecutionStep.java:43)
2025-07-01T20:54:56.137+0200 [ERROR] [org.gradle.internal.buildevents.BuildExceptionReporter]   at org.gradle.internal.execution.steps.AbstractSkipEmptyWorkStep.executeWithNonEmptySources(AbstractSkipEmptyWorkStep.java:125)
2025-07-01T20:54:56.137+0200 [ERROR] [org.gradle.internal.buildevents.BuildExceptionReporter]   at org.gradle.internal.execution.steps.AbstractSkipEmptyWorkStep.execute(AbstractSkipEmptyWorkStep.java:56)
2025-07-01T20:54:56.137+0200 [ERROR] [org.gradle.internal.buildevents.BuildExceptionReporter]   at org.gradle.internal.execution.steps.AbstractSkipEmptyWorkStep.execute(AbstractSkipEmptyWorkStep.java:36)
2025-07-01T20:54:56.137+0200 [ERROR] [org.gradle.internal.buildevents.BuildExceptionReporter]   at org.gradle.internal.execution.steps.legacy.MarkSnapshottingInputsStartedStep.execute(MarkSnapshottingInputsStartedStep.java:38)
2025-07-01T20:54:56.137+0200 [ERROR] [org.gradle.internal.buildevents.BuildExceptionReporter]   at org.gradle.internal.execution.steps.LoadPreviousExecutionStateStep.execute(LoadPreviousExecutionStateStep.java:36)
2025-07-01T20:54:56.137+0200 [ERROR] [org.gradle.internal.buildevents.BuildExceptionReporter]   at org.gradle.internal.execution.steps.LoadPreviousExecutionStateStep.execute(LoadPreviousExecutionStateStep.java:23)
2025-07-01T20:54:56.137+0200 [ERROR] [org.gradle.internal.buildevents.BuildExceptionReporter]   at org.gradle.internal.execution.steps.HandleStaleOutputsStep.execute(HandleStaleOutputsStep.java:75)
2025-07-01T20:54:56.137+0200 [ERROR] [org.gradle.internal.buildevents.BuildExceptionReporter]   at org.gradle.internal.execution.steps.HandleStaleOutputsStep.execute(HandleStaleOutputsStep.java:41)
2025-07-01T20:54:56.137+0200 [ERROR] [org.gradle.internal.buildevents.BuildExceptionReporter]   at org.gradle.internal.execution.steps.AssignMutableWorkspaceStep.lambda$execute$0(AssignMutableWorkspaceStep.java:35)
2025-07-01T20:54:56.137+0200 [ERROR] [org.gradle.internal.buildevents.BuildExceptionReporter]   at org.gradle.api.internal.tasks.execution.TaskExecution$4.withWorkspace(TaskExecution.java:289)
2025-07-01T20:54:56.137+0200 [ERROR] [org.gradle.internal.buildevents.BuildExceptionReporter]   at org.gradle.internal.execution.steps.AssignMutableWorkspaceStep.execute(AssignMutableWorkspaceStep.java:31)
2025-07-01T20:54:56.137+0200 [ERROR] [org.gradle.internal.buildevents.BuildExceptionReporter]   at org.gradle.internal.execution.steps.AssignMutableWorkspaceStep.execute(AssignMutableWorkspaceStep.java:22)
2025-07-01T20:54:56.137+0200 [ERROR] [org.gradle.internal.buildevents.BuildExceptionReporter]   at org.gradle.internal.execution.steps.ChoosePipelineStep.execute(ChoosePipelineStep.java:40)
2025-07-01T20:54:56.137+0200 [ERROR] [org.gradle.internal.buildevents.BuildExceptionReporter]   at org.gradle.internal.execution.steps.ChoosePipelineStep.execute(ChoosePipelineStep.java:23)
2025-07-01T20:54:56.137+0200 [ERROR] [org.gradle.internal.buildevents.BuildExceptionReporter]   at org.gradle.internal.execution.steps.ExecuteWorkBuildOperationFiringStep.lambda$execute$2(ExecuteWorkBuildOperationFiringStep.java:67)
2025-07-01T20:54:56.137+0200 [ERROR] [org.gradle.internal.buildevents.BuildExceptionReporter]   at org.gradle.internal.execution.steps.ExecuteWorkBuildOperationFiringStep.execute(ExecuteWorkBuildOperationFiringStep.java:67)
2025-07-01T20:54:56.137+0200 [ERROR] [org.gradle.internal.buildevents.BuildExceptionReporter]   at org.gradle.internal.execution.steps.ExecuteWorkBuildOperationFiringStep.execute(ExecuteWorkBuildOperationFiringStep.java:39)
2025-07-01T20:54:56.137+0200 [ERROR] [org.gradle.internal.buildevents.BuildExceptionReporter]   at org.gradle.internal.execution.steps.IdentityCacheStep.execute(IdentityCacheStep.java:46)
2025-07-01T20:54:56.137+0200 [ERROR] [org.gradle.internal.buildevents.BuildExceptionReporter]   at org.gradle.internal.execution.steps.IdentityCacheStep.execute(IdentityCacheStep.java:34)
2025-07-01T20:54:56.137+0200 [ERROR] [org.gradle.internal.buildevents.BuildExceptionReporter]   at org.gradle.internal.execution.steps.IdentifyStep.execute(IdentifyStep.java:48)
2025-07-01T20:54:56.137+0200 [ERROR] [org.gradle.internal.buildevents.BuildExceptionReporter]   at org.gradle.internal.execution.steps.IdentifyStep.execute(IdentifyStep.java:35)
2025-07-01T20:54:56.137+0200 [ERROR] [org.gradle.internal.buildevents.BuildExceptionReporter]   at org.gradle.internal.execution.impl.DefaultExecutionEngine$1.execute(DefaultExecutionEngine.java:64)
2025-07-01T20:54:56.137+0200 [ERROR] [org.gradle.internal.buildevents.BuildExceptionReporter]   at org.gradle.api.internal.tasks.execution.ExecuteActionsTaskExecuter.executeIfValid(ExecuteActionsTaskExecuter.java:127)
2025-07-01T20:54:56.137+0200 [ERROR] [org.gradle.internal.buildevents.BuildExceptionReporter]   at org.gradle.api.internal.tasks.execution.ExecuteActionsTaskExecuter.execute(ExecuteActionsTaskExecuter.java:116)
2025-07-01T20:54:56.137+0200 [ERROR] [org.gradle.internal.buildevents.BuildExceptionReporter]   at org.gradle.api.internal.tasks.execution.ProblemsTaskPathTrackingTaskExecuter.execute(ProblemsTaskPathTrackingTaskExecuter.java:41)
2025-07-01T20:54:56.137+0200 [ERROR] [org.gradle.internal.buildevents.BuildExceptionReporter]   at org.gradle.api.internal.tasks.execution.FinalizePropertiesTaskExecuter.execute(FinalizePropertiesTaskExecuter.java:46)
2025-07-01T20:54:56.137+0200 [ERROR] [org.gradle.internal.buildevents.BuildExceptionReporter]   at org.gradle.api.internal.tasks.execution.ResolveTaskExecutionModeExecuter.execute(ResolveTaskExecutionModeExecuter.java:51)
2025-07-01T20:54:56.137+0200 [ERROR] [org.gradle.internal.buildevents.BuildExceptionReporter]   at org.gradle.api.internal.tasks.execution.SkipTaskWithNoActionsExecuter.execute(SkipTaskWithNoActionsExecuter.java:57)
2025-07-01T20:54:56.137+0200 [ERROR] [org.gradle.internal.buildevents.BuildExceptionReporter]   at org.gradle.api.internal.tasks.execution.SkipOnlyIfTaskExecuter.execute(SkipOnlyIfTaskExecuter.java:74)
2025-07-01T20:54:56.137+0200 [ERROR] [org.gradle.internal.buildevents.BuildExceptionReporter]   at org.gradle.api.internal.tasks.execution.CatchExceptionTaskExecuter.execute(CatchExceptionTaskExecuter.java:36)
2025-07-01T20:54:56.137+0200 [ERROR] [org.gradle.internal.buildevents.BuildExceptionReporter]   at org.gradle.api.internal.tasks.execution.EventFiringTaskExecuter$1.executeTask(EventFiringTaskExecuter.java:77)
2025-07-01T20:54:56.137+0200 [ERROR] [org.gradle.internal.buildevents.BuildExceptionReporter]   at org.gradle.api.internal.tasks.execution.EventFiringTaskExecuter$1.call(EventFiringTaskExecuter.java:55)
2025-07-01T20:54:56.137+0200 [ERROR] [org.gradle.internal.buildevents.BuildExceptionReporter]   at org.gradle.api.internal.tasks.execution.EventFiringTaskExecuter$1.call(EventFiringTaskExecuter.java:52)
2025-07-01T20:54:56.137+0200 [ERROR] [org.gradle.internal.buildevents.BuildExceptionReporter]   at org.gradle.internal.operations.DefaultBuildOperationRunner$CallableBuildOperationWorker.execute(DefaultBuildOperationRunner.java:210)
2025-07-01T20:54:56.137+0200 [ERROR] [org.gradle.internal.buildevents.BuildExceptionReporter]   at org.gradle.internal.operations.DefaultBuildOperationRunner$CallableBuildOperationWorker.execute(DefaultBuildOperationRunner.java:205)
2025-07-01T20:54:56.137+0200 [ERROR] [org.gradle.internal.buildevents.BuildExceptionReporter]   at org.gradle.internal.operations.DefaultBuildOperationRunner$2.execute(DefaultBuildOperationRunner.java:67)
2025-07-01T20:54:56.137+0200 [ERROR] [org.gradle.internal.buildevents.BuildExceptionReporter]   at org.gradle.internal.operations.DefaultBuildOperationRunner$2.execute(DefaultBuildOperationRunner.java:60)
2025-07-01T20:54:56.137+0200 [ERROR] [org.gradle.internal.buildevents.BuildExceptionReporter]   at org.gradle.internal.operations.DefaultBuildOperationRunner.execute(DefaultBuildOperationRunner.java:167)
2025-07-01T20:54:56.137+0200 [ERROR] [org.gradle.internal.buildevents.BuildExceptionReporter]   at org.gradle.internal.operations.DefaultBuildOperationRunner.execute(DefaultBuildOperationRunner.java:60)
2025-07-01T20:54:56.137+0200 [ERROR] [org.gradle.internal.buildevents.BuildExceptionReporter]   at org.gradle.internal.operations.DefaultBuildOperationRunner.call(DefaultBuildOperationRunner.java:54)
2025-07-01T20:54:56.137+0200 [ERROR] [org.gradle.internal.buildevents.BuildExceptionReporter]   at org.gradle.api.internal.tasks.execution.EventFiringTaskExecuter.execute(EventFiringTaskExecuter.java:52)
2025-07-01T20:54:56.137+0200 [ERROR] [org.gradle.internal.buildevents.BuildExceptionReporter]   at org.gradle.execution.plan.LocalTaskNodeExecutor.execute(LocalTaskNodeExecutor.java:42)
2025-07-01T20:54:56.137+0200 [ERROR] [org.gradle.internal.buildevents.BuildExceptionReporter]   at org.gradle.execution.taskgraph.DefaultTaskExecutionGraph$InvokeNodeExecutorsAction.execute(DefaultTaskExecutionGraph.java:331)
2025-07-01T20:54:56.137+0200 [ERROR] [org.gradle.internal.buildevents.BuildExceptionReporter]   at org.gradle.execution.taskgraph.DefaultTaskExecutionGraph$InvokeNodeExecutorsAction.execute(DefaultTaskExecutionGraph.java:318)
2025-07-01T20:54:56.137+0200 [ERROR] [org.gradle.internal.buildevents.BuildExceptionReporter]   at org.gradle.execution.taskgraph.DefaultTaskExecutionGraph$BuildOperationAwareExecutionAction.lambda$execute$0(DefaultTaskExecutionGraph.java:314)
2025-07-01T20:54:56.137+0200 [ERROR] [org.gradle.internal.buildevents.BuildExceptionReporter]   at org.gradle.internal.operations.CurrentBuildOperationRef.with(CurrentBuildOperationRef.java:85)
2025-07-01T20:54:56.138+0200 [ERROR] [org.gradle.internal.buildevents.BuildExceptionReporter]   at org.gradle.execution.taskgraph.DefaultTaskExecutionGraph$BuildOperationAwareExecutionAction.execute(DefaultTaskExecutionGraph.java:314)
2025-07-01T20:54:56.138+0200 [ERROR] [org.gradle.internal.buildevents.BuildExceptionReporter]   at org.gradle.execution.taskgraph.DefaultTaskExecutionGraph$BuildOperationAwareExecutionAction.execute(DefaultTaskExecutionGraph.java:303)
2025-07-01T20:54:56.138+0200 [ERROR] [org.gradle.internal.buildevents.BuildExceptionReporter]   at org.gradle.execution.plan.DefaultPlanExecutor$ExecutorWorker.execute(DefaultPlanExecutor.java:459)
2025-07-01T20:54:56.138+0200 [ERROR] [org.gradle.internal.buildevents.BuildExceptionReporter]   at org.gradle.execution.plan.DefaultPlanExecutor$ExecutorWorker.run(DefaultPlanExecutor.java:376)
2025-07-01T20:54:56.138+0200 [ERROR] [org.gradle.internal.buildevents.BuildExceptionReporter]   at org.gradle.internal.concurrent.ExecutorPolicy$CatchAndRecordFailures.onExecute(ExecutorPolicy.java:64)
2025-07-01T20:54:56.138+0200 [ERROR] [org.gradle.internal.buildevents.BuildExceptionReporter]   at org.gradle.internal.concurrent.AbstractManagedExecutor$1.run(AbstractManagedExecutor.java:48)
2025-07-01T20:54:56.138+0200 [ERROR] [org.gradle.internal.buildevents.BuildExceptionReporter] 
2025-07-01T20:54:56.138+0200 [ERROR] [org.gradle.internal.buildevents.BuildResultLogger] 
2025-07-01T20:54:56.138+0200 [ERROR] [org.gradle.internal.buildevents.BuildResultLogger] BUILD FAILED in 17s
2025-07-01T20:54:56.138+0200 [LIFECYCLE] [org.gradle.internal.buildevents.TaskExecutionStatisticsReporter] 25 actionable tasks: 5 executed, 20 up-to-date
2025-07-01T20:54:56.138+0200 [DEBUG] [org.gradle.internal.operations.DefaultBuildOperationRunner] Build operation 'Build finished for file system watching' started
2025-07-01T20:54:56.145+0200 [DEBUG] [org.gradle.internal.operations.DefaultBuildOperationRunner] Completing Build operation 'Build finished for file system watching'
2025-07-01T20:54:56.145+0200 [DEBUG] [org.gradle.internal.operations.DefaultBuildOperationRunner] Build operation 'Build finished for file system watching' completed
